

Started GET "/levels/" for 127.0.0.1 at 2010-12-21 21:28:21 -0500
  Processing by LevelsController#index as HTML
  [1m[36mLevel Load (2.7ms)[0m  [1mSELECT "levels".* FROM "levels"[0m
SQLite3::SQLException: no such table: levels: SELECT "levels".* FROM "levels"
Completed   in 83ms

ActiveRecord::StatementInvalid (SQLite3::SQLException: no such table: levels: SELECT "levels".* FROM "levels"):
  app/controllers/levels_controller.rb:5:in `index'

Rendered /Users/kayle/.rvm/gems/ruby-1.9.2-head/gems/actionpack-3.0.3/lib/action_dispatch/middleware/templates/rescues/_trace.erb (1.7ms)
Rendered /Users/kayle/.rvm/gems/ruby-1.9.2-head/gems/actionpack-3.0.3/lib/action_dispatch/middleware/templates/rescues/_request_and_response.erb (67.1ms)
Rendered /Users/kayle/.rvm/gems/ruby-1.9.2-head/gems/actionpack-3.0.3/lib/action_dispatch/middleware/templates/rescues/diagnostics.erb within rescues/layout (73.1ms)
  [1m[36mSQL (0.4ms)[0m  [1m SELECT name
 FROM sqlite_master
 WHERE type = 'table' AND NOT name = 'sqlite_sequence'
[0m
  [1m[35mSQL (0.1ms)[0m  select sqlite_version(*)
  [1m[36mSQL (45.3ms)[0m  [1mCREATE TABLE "schema_migrations" ("version" varchar(255) NOT NULL) [0m
  [1m[35mSQL (0.1ms)[0m  PRAGMA index_list("schema_migrations")
  [1m[36mSQL (3.1ms)[0m  [1mCREATE UNIQUE INDEX "unique_schema_migrations" ON "schema_migrations" ("version")[0m
  [1m[35mSQL (0.1ms)[0m   SELECT name
 FROM sqlite_master
 WHERE type = 'table' AND NOT name = 'sqlite_sequence'
  [1m[36mSQL (0.1ms)[0m  [1m SELECT name
 FROM sqlite_master
 WHERE type = 'table' AND NOT name = 'sqlite_sequence'
[0m
  [1m[35mSQL (0.1ms)[0m  SELECT "schema_migrations"."version" FROM "schema_migrations"
Migrating to CreateLevels (20101222015437)
  [1m[36mSQL (0.4ms)[0m  [1mCREATE TABLE "levels" ("id" INTEGER PRIMARY KEY AUTOINCREMENT NOT NULL, "title" varchar(255), "data" text, "user_id" integer, "created_at" datetime, "updated_at" datetime) [0m
  [1m[35mSQL (0.1ms)[0m  INSERT INTO "schema_migrations" ("version") VALUES ('20101222015437')
Migrating to DeviseCreateUsers (20101222015553)
  [1m[36mSQL (0.5ms)[0m  [1mCREATE TABLE "users" ("id" INTEGER PRIMARY KEY AUTOINCREMENT NOT NULL, "email" varchar(255) DEFAULT '' NOT NULL, "encrypted_password" varchar(128) DEFAULT '' NOT NULL, "password_salt" varchar(255) DEFAULT '' NOT NULL, "reset_password_token" varchar(255), "remember_token" varchar(255), "remember_created_at" datetime, "sign_in_count" integer DEFAULT 0, "current_sign_in_at" datetime, "last_sign_in_at" datetime, "current_sign_in_ip" varchar(255), "last_sign_in_ip" varchar(255), "created_at" datetime, "updated_at" datetime) [0m
  [1m[35mSQL (0.1ms)[0m  PRAGMA index_list("users")
  [1m[36mSQL (0.4ms)[0m  [1mCREATE UNIQUE INDEX "index_users_on_email" ON "users" ("email")[0m
  [1m[35mSQL (0.1ms)[0m  PRAGMA index_list("users")
  [1m[36mSQL (0.1ms)[0m  [1mPRAGMA index_info('index_users_on_email')[0m
  [1m[35mSQL (0.2ms)[0m  CREATE UNIQUE INDEX "index_users_on_reset_password_token" ON "users" ("reset_password_token")
  [1m[36mSQL (0.1ms)[0m  [1mINSERT INTO "schema_migrations" ("version") VALUES ('20101222015553')[0m
  [1m[35mSQL (0.2ms)[0m   SELECT name
 FROM sqlite_master
 WHERE type = 'table' AND NOT name = 'sqlite_sequence'
  [1m[36mSQL (0.1ms)[0m  [1mSELECT "schema_migrations"."version" FROM "schema_migrations"[0m
  [1m[35mSQL (0.1ms)[0m   SELECT name
 FROM sqlite_master
 WHERE type = 'table' AND NOT name = 'sqlite_sequence'
  [1m[36mSQL (0.0ms)[0m  [1mPRAGMA index_list("levels")[0m
  [1m[35mSQL (0.1ms)[0m  PRAGMA index_list("users")
  [1m[36mSQL (0.0ms)[0m  [1mPRAGMA index_info('index_users_on_reset_password_token')[0m
  [1m[35mSQL (0.0ms)[0m  PRAGMA index_info('index_users_on_email')


Started GET "/levels/" for 127.0.0.1 at 2010-12-21 21:28:47 -0500
  Processing by LevelsController#index as HTML
  [1m[36mLevel Load (0.6ms)[0m  [1mSELECT "levels".* FROM "levels"[0m
Rendered levels/index.html.erb within layouts/application (2.0ms)
Completed 200 OK in 45ms (Views: 6.2ms | ActiveRecord: 0.6ms)


Started GET "/levels/new" for 127.0.0.1 at 2010-12-21 21:28:49 -0500
  Processing by LevelsController#new as HTML
Rendered levels/_form.html.erb (7.2ms)
Rendered levels/new.html.erb within layouts/application (9.7ms)
Completed 200 OK in 22ms (Views: 13.5ms | ActiveRecord: 0.0ms)


Started POST "/levels" for 127.0.0.1 at 2010-12-21 21:28:58 -0500
  Processing by LevelsController#create as HTML
  Parameters: {"utf8"=>"✓", "authenticity_token"=>"mPpD7STyTTO8pWbILGj+HS/BHAtnxzpdPQeAZd7pluQ=", "level"=>{"title"=>"Test", "data"=>"NO DATA", "user_id"=>""}, "commit"=>"Create Level"}
  [1m[35mSQL (0.2ms)[0m   SELECT name
 FROM sqlite_master
 WHERE type = 'table' AND NOT name = 'sqlite_sequence'
  [1m[36mAREL (0.4ms)[0m  [1mINSERT INTO "levels" ("title", "data", "user_id", "created_at", "updated_at") VALUES ('Test', 'NO DATA', NULL, '2010-12-22 02:28:58.875914', '2010-12-22 02:28:58.875914')[0m
Redirected to http://localhost:3000/levels/1
Completed 302 Found in 29ms


Started GET "/levels/1" for 127.0.0.1 at 2010-12-21 21:28:58 -0500
  Processing by LevelsController#show as HTML
  Parameters: {"id"=>"1"}
  [1m[35mLevel Load (0.3ms)[0m  SELECT "levels".* FROM "levels" WHERE ("levels"."id" = 1) LIMIT 1
Rendered levels/show.html.erb within layouts/application (8.7ms)
Completed 200 OK in 22ms (Views: 12.6ms | ActiveRecord: 0.9ms)


Started GET "/levels/1" for 127.0.0.1 at 2010-12-21 21:29:04 -0500
  Processing by LevelsController#show as HTML
  Parameters: {"id"=>"1"}
  [1m[36mLevel Load (0.2ms)[0m  [1mSELECT "levels".* FROM "levels" WHERE ("levels"."id" = 1) LIMIT 1[0m
Rendered levels/show.html.erb within layouts/application (8.5ms)
Completed 200 OK in 20ms (Views: 12.1ms | ActiveRecord: 0.2ms)


Started GET "/levels/1" for 127.0.0.1 at 2010-12-21 21:30:04 -0500
  Processing by LevelsController#show as HTML
  Parameters: {"id"=>"1"}
  [1m[35mLevel Load (0.3ms)[0m  SELECT "levels".* FROM "levels" WHERE ("levels"."id" = 1) LIMIT 1
Rendered levels/show.html.erb within layouts/application (8.3ms)
Completed 200 OK in 20ms (Views: 12.2ms | ActiveRecord: 0.3ms)


Started GET "/levels/1" for 127.0.0.1 at 2010-12-21 21:30:19 -0500
  Processing by LevelsController#show as HTML
  Parameters: {"id"=>"1"}
  [1m[36mLevel Load (0.2ms)[0m  [1mSELECT "levels".* FROM "levels" WHERE ("levels"."id" = 1) LIMIT 1[0m
Rendered levels/show.html.erb within layouts/application (8.0ms)
Completed 200 OK in 20ms (Views: 11.5ms | ActiveRecord: 0.2ms)


Started GET "/levels/1" for 127.0.0.1 at 2010-12-21 21:30:48 -0500
  Processing by LevelsController#show as HTML
  Parameters: {"id"=>"1"}
  [1m[35mLevel Load (0.2ms)[0m  SELECT "levels".* FROM "levels" WHERE ("levels"."id" = 1) LIMIT 1
Rendered levels/show.html.erb within layouts/application (8.1ms)
Completed 200 OK in 19ms (Views: 11.7ms | ActiveRecord: 0.2ms)


Started GET "/levels/1" for 127.0.0.1 at 2010-12-21 21:40:47 -0500
  Processing by LevelsController#show as HTML
  Parameters: {"id"=>"1"}
  [1m[36mLevel Load (0.3ms)[0m  [1mSELECT "levels".* FROM "levels" WHERE ("levels"."id" = 1) LIMIT 1[0m
Rendered levels/show.html.erb within layouts/application (9.3ms)
Completed 200 OK in 63ms (Views: 13.2ms | ActiveRecord: 0.3ms)


Started GET "/levels/1" for 127.0.0.1 at 2010-12-21 21:42:55 -0500
  Processing by LevelsController#show as HTML
  Parameters: {"id"=>"1"}
  [1m[35mLevel Load (0.3ms)[0m  SELECT "levels".* FROM "levels" WHERE ("levels"."id" = 1) LIMIT 1
Rendered levels/show.html.erb within layouts/application (9.1ms)
Completed 200 OK in 62ms (Views: 13.0ms | ActiveRecord: 0.3ms)


Started GET "/levels/1" for 127.0.0.1 at 2010-12-21 21:44:14 -0500
  Processing by LevelsController#show as HTML
  Parameters: {"id"=>"1"}
  [1m[36mLevel Load (0.3ms)[0m  [1mSELECT "levels".* FROM "levels" WHERE ("levels"."id" = 1) LIMIT 1[0m
Rendered levels/show.html.erb within layouts/application (15.3ms)
Completed 200 OK in 32ms (Views: 19.0ms | ActiveRecord: 0.3ms)


Started GET "/levels/1" for 127.0.0.1 at 2010-12-21 21:47:02 -0500
  Processing by LevelsController#show as HTML
  Parameters: {"id"=>"1"}
  [1m[35mLevel Load (0.2ms)[0m  SELECT "levels".* FROM "levels" WHERE ("levels"."id" = 1) LIMIT 1
Rendered levels/show.html.erb within layouts/application (9.4ms)
Completed 200 OK in 21ms (Views: 13.4ms | ActiveRecord: 0.2ms)


Started GET "/levels/1/edit" for 127.0.0.1 at 2010-12-21 21:47:21 -0500
  Processing by LevelsController#edit as HTML
  Parameters: {"id"=>"1"}
  [1m[36mLevel Load (0.4ms)[0m  [1mSELECT "levels".* FROM "levels" WHERE ("levels"."id" = 1) LIMIT 1[0m
Rendered levels/edit.html.erb within layouts/application (6.0ms)
Completed 200 OK in 20ms (Views: 10.5ms | ActiveRecord: 0.4ms)


Started GET "/levels/1/edit" for 127.0.0.1 at 2010-12-21 21:47:34 -0500
  Processing by LevelsController#edit as HTML
  Parameters: {"id"=>"1"}
  [1m[35mLevel Load (0.3ms)[0m  SELECT "levels".* FROM "levels" WHERE ("levels"."id" = 1) LIMIT 1
Rendered levels/edit.html.erb within layouts/application (5.9ms)
Completed 200 OK in 58ms (Views: 9.5ms | ActiveRecord: 0.3ms)


Started GET "/levels/1/edit" for 127.0.0.1 at 2010-12-21 21:48:38 -0500
  Processing by LevelsController#edit as HTML
  Parameters: {"id"=>"1"}
  [1m[36mLevel Load (0.2ms)[0m  [1mSELECT "levels".* FROM "levels" WHERE ("levels"."id" = 1) LIMIT 1[0m
Rendered levels/edit.html.erb within layouts/application (6.5ms)
Completed 200 OK in 18ms (Views: 10.4ms | ActiveRecord: 0.2ms)


Started GET "/levels/1/edit" for 127.0.0.1 at 2010-12-21 21:49:48 -0500
  Processing by LevelsController#edit as HTML
  Parameters: {"id"=>"1"}
  [1m[35mLevel Load (0.4ms)[0m  SELECT "levels".* FROM "levels" WHERE ("levels"."id" = 1) LIMIT 1
Rendered levels/edit.html.erb within layouts/application (45.8ms)
Completed 200 OK in 61ms (Views: 50.3ms | ActiveRecord: 0.4ms)


Started GET "/levels/1/edit" for 127.0.0.1 at 2010-12-21 21:50:01 -0500
  Processing by LevelsController#edit as HTML
  Parameters: {"id"=>"1"}
  [1m[36mLevel Load (0.3ms)[0m  [1mSELECT "levels".* FROM "levels" WHERE ("levels"."id" = 1) LIMIT 1[0m
Rendered levels/edit.html.erb within layouts/application (5.8ms)
Completed 200 OK in 18ms (Views: 9.4ms | ActiveRecord: 0.3ms)


Started GET "/levels/1/edit" for 127.0.0.1 at 2010-12-21 21:50:35 -0500
  Processing by LevelsController#edit as HTML
  Parameters: {"id"=>"1"}
  [1m[35mLevel Load (0.3ms)[0m  SELECT "levels".* FROM "levels" WHERE ("levels"."id" = 1) LIMIT 1
Rendered levels/edit.html.erb within layouts/application (5.0ms)
Completed 200 OK in 55ms (Views: 8.7ms | ActiveRecord: 0.3ms)


Started GET "/levels/1/edit" for 127.0.0.1 at 2010-12-21 21:51:19 -0500
  Processing by LevelsController#edit as HTML
  Parameters: {"id"=>"1"}
  [1m[36mLevel Load (0.2ms)[0m  [1mSELECT "levels".* FROM "levels" WHERE ("levels"."id" = 1) LIMIT 1[0m
Rendered levels/edit.html.erb within layouts/application (5.7ms)
Completed 200 OK in 23ms (Views: 9.8ms | ActiveRecord: 0.2ms)


Started GET "/levels/1/edit" for 127.0.0.1 at 2010-12-21 21:51:32 -0500
  Processing by LevelsController#edit as HTML
  Parameters: {"id"=>"1"}
  [1m[35mLevel Load (0.4ms)[0m  SELECT "levels".* FROM "levels" WHERE ("levels"."id" = 1) LIMIT 1
Rendered levels/edit.html.erb within layouts/application (5.7ms)
Completed 200 OK in 67ms (Views: 12.0ms | ActiveRecord: 0.4ms)


Started GET "/levels/1/edit" for 127.0.0.1 at 2010-12-21 21:51:43 -0500
  Processing by LevelsController#edit as HTML
  Parameters: {"id"=>"1"}
  [1m[36mLevel Load (0.6ms)[0m  [1mSELECT "levels".* FROM "levels" WHERE ("levels"."id" = 1) LIMIT 1[0m
Rendered levels/edit.html.erb within layouts/application (5.9ms)
Completed 200 OK in 25ms (Views: 10.0ms | ActiveRecord: 0.6ms)


Started GET "/levels/1/edit" for 127.0.0.1 at 2010-12-21 22:11:23 -0500
  Processing by LevelsController#edit as HTML
  Parameters: {"id"=>"1"}
  [1m[36mSQL (0.7ms)[0m  [1m SELECT name
 FROM sqlite_master
 WHERE type = 'table' AND NOT name = 'sqlite_sequence'
[0m
  [1m[35mLevel Load (0.2ms)[0m  SELECT "levels".* FROM "levels" WHERE ("levels"."id" = 1) LIMIT 1
Rendered levels/edit.html.erb within layouts/application (6.0ms)
Completed 200 OK in 57ms (Views: 9.7ms | ActiveRecord: 0.9ms)


Started GET "/" for 127.0.0.1 at Wed Dec 22 14:48:04 -0500 2010

ActionController::RoutingError (uninitialized constant UsersController):
  

Rendered /Library/Ruby/Gems/1.8/gems/actionpack-3.0.3/lib/action_dispatch/middleware/templates/rescues/routing_error.erb within rescues/layout (0.7ms)


Started GET "/levels/1" for 127.0.0.1 at Wed Dec 22 14:48:14 -0500 2010
  Processing by LevelsController#show as HTML
  Parameters: {"id"=>"1"}
  [1m[36mSQL (0.4ms)[0m  [1m SELECT name
 FROM sqlite_master
 WHERE type = 'table' AND NOT name = 'sqlite_sequence'
[0m
  [1m[35mLevel Load (0.1ms)[0m  SELECT "levels".* FROM "levels" WHERE ("levels"."id" = 1) LIMIT 1
Rendered levels/show.html.erb within layouts/application (13.7ms)
Completed 200 OK in 70ms (Views: 20.2ms | ActiveRecord: 0.6ms)


Started GET "/levels/1/edit" for 127.0.0.1 at Wed Dec 22 14:50:55 -0500 2010
  Processing by LevelsController#edit as HTML
  Parameters: {"id"=>"1"}
  [1m[36mLevel Load (0.2ms)[0m  [1mSELECT "levels".* FROM "levels" WHERE ("levels"."id" = 1) LIMIT 1[0m
Rendered levels/edit.html.erb within layouts/application (9.9ms)
Completed 200 OK in 27ms (Views: 15.9ms | ActiveRecord: 0.2ms)


Started GET "/levels/1/edit" for 127.0.0.1 at Wed Dec 22 14:50:57 -0500 2010
  Processing by LevelsController#edit as HTML
  Parameters: {"id"=>"1"}
  [1m[35mLevel Load (0.1ms)[0m  SELECT "levels".* FROM "levels" WHERE ("levels"."id" = 1) LIMIT 1
Rendered levels/edit.html.erb within layouts/application (8.6ms)
Completed 200 OK in 21ms (Views: 13.9ms | ActiveRecord: 0.1ms)


Started GET "/levels/1/edit" for 127.0.0.1 at Wed Dec 22 14:50:59 -0500 2010
  Processing by LevelsController#edit as HTML
  Parameters: {"id"=>"1"}
  [1m[36mLevel Load (0.1ms)[0m  [1mSELECT "levels".* FROM "levels" WHERE ("levels"."id" = 1) LIMIT 1[0m
Rendered levels/edit.html.erb within layouts/application (7.9ms)
Completed 200 OK in 20ms (Views: 13.3ms | ActiveRecord: 0.1ms)


Started GET "/levels/1/edit" for 127.0.0.1 at Wed Dec 22 14:51:50 -0500 2010
  Processing by LevelsController#edit as HTML
  Parameters: {"id"=>"1"}
  [1m[35mLevel Load (0.1ms)[0m  SELECT "levels".* FROM "levels" WHERE ("levels"."id" = 1) LIMIT 1
Rendered levels/edit.html.erb within layouts/application (8.9ms)
Completed 200 OK in 21ms (Views: 14.2ms | ActiveRecord: 0.1ms)


Started GET "/levels/1/edit" for 127.0.0.1 at Wed Dec 22 14:51:52 -0500 2010
  Processing by LevelsController#edit as HTML
  Parameters: {"id"=>"1"}
  [1m[36mLevel Load (0.1ms)[0m  [1mSELECT "levels".* FROM "levels" WHERE ("levels"."id" = 1) LIMIT 1[0m
Rendered levels/edit.html.erb within layouts/application (9.0ms)
Completed 200 OK in 21ms (Views: 14.3ms | ActiveRecord: 0.1ms)


Started GET "/levels/1/edit" for 127.0.0.1 at Wed Dec 22 14:51:53 -0500 2010
  Processing by LevelsController#edit as HTML
  Parameters: {"id"=>"1"}
  [1m[35mLevel Load (0.1ms)[0m  SELECT "levels".* FROM "levels" WHERE ("levels"."id" = 1) LIMIT 1
Rendered levels/edit.html.erb within layouts/application (8.4ms)
Completed 200 OK in 21ms (Views: 13.7ms | ActiveRecord: 0.1ms)


Started GET "/levels/1/edit" for 127.0.0.1 at Wed Dec 22 14:51:53 -0500 2010
  Processing by LevelsController#edit as HTML
  Parameters: {"id"=>"1"}
  [1m[36mLevel Load (0.1ms)[0m  [1mSELECT "levels".* FROM "levels" WHERE ("levels"."id" = 1) LIMIT 1[0m
Rendered levels/edit.html.erb within layouts/application (8.6ms)
Completed 200 OK in 89ms (Views: 81.8ms | ActiveRecord: 0.1ms)


Started GET "/levels/1/edit" for 127.0.0.1 at Wed Dec 22 14:51:54 -0500 2010
  Processing by LevelsController#edit as HTML
  Parameters: {"id"=>"1"}
  [1m[35mLevel Load (0.1ms)[0m  SELECT "levels".* FROM "levels" WHERE ("levels"."id" = 1) LIMIT 1
Rendered levels/edit.html.erb within layouts/application (8.0ms)
Completed 200 OK in 20ms (Views: 13.4ms | ActiveRecord: 0.1ms)


Started GET "/levels/1/edit" for 127.0.0.1 at Wed Dec 22 14:51:55 -0500 2010
  Processing by LevelsController#edit as HTML
  Parameters: {"id"=>"1"}
  [1m[36mLevel Load (0.1ms)[0m  [1mSELECT "levels".* FROM "levels" WHERE ("levels"."id" = 1) LIMIT 1[0m
Rendered levels/edit.html.erb within layouts/application (8.3ms)
Completed 200 OK in 20ms (Views: 13.9ms | ActiveRecord: 0.1ms)


Started GET "/levels/1/edit" for 127.0.0.1 at Wed Dec 22 14:51:57 -0500 2010
  Processing by LevelsController#edit as HTML
  Parameters: {"id"=>"1"}
  [1m[35mLevel Load (0.1ms)[0m  SELECT "levels".* FROM "levels" WHERE ("levels"."id" = 1) LIMIT 1
Rendered levels/edit.html.erb within layouts/application (8.5ms)
Completed 200 OK in 83ms (Views: 14.1ms | ActiveRecord: 0.1ms)


Started GET "/levels/1/edit" for 127.0.0.1 at Wed Dec 22 14:51:58 -0500 2010
  Processing by LevelsController#edit as HTML
  Parameters: {"id"=>"1"}
  [1m[36mLevel Load (0.1ms)[0m  [1mSELECT "levels".* FROM "levels" WHERE ("levels"."id" = 1) LIMIT 1[0m
Rendered levels/edit.html.erb within layouts/application (8.9ms)
Completed 200 OK in 21ms (Views: 14.4ms | ActiveRecord: 0.1ms)


Started GET "/levels/1/edit" for 127.0.0.1 at Wed Dec 22 14:51:59 -0500 2010
  Processing by LevelsController#edit as HTML
  Parameters: {"id"=>"1"}
  [1m[35mLevel Load (0.1ms)[0m  SELECT "levels".* FROM "levels" WHERE ("levels"."id" = 1) LIMIT 1
Rendered levels/edit.html.erb within layouts/application (9.1ms)
Completed 200 OK in 22ms (Views: 14.7ms | ActiveRecord: 0.1ms)


Started GET "/levels/1/edit" for 127.0.0.1 at Wed Dec 22 14:52:00 -0500 2010
  Processing by LevelsController#edit as HTML
  Parameters: {"id"=>"1"}
  [1m[36mLevel Load (0.1ms)[0m  [1mSELECT "levels".* FROM "levels" WHERE ("levels"."id" = 1) LIMIT 1[0m
Rendered levels/edit.html.erb within layouts/application (8.4ms)
Completed 200 OK in 20ms (Views: 13.5ms | ActiveRecord: 0.1ms)


Started GET "/levels/1/edit" for 127.0.0.1 at Wed Dec 22 15:00:54 -0500 2010
  Processing by LevelsController#edit as HTML
  Parameters: {"id"=>"1"}
  [1m[35mLevel Load (0.1ms)[0m  SELECT "levels".* FROM "levels" WHERE ("levels"."id" = 1) LIMIT 1
Rendered levels/edit.html.erb within layouts/application (8.5ms)
Completed 200 OK in 21ms (Views: 13.9ms | ActiveRecord: 0.1ms)


Started GET "/levels/1/edit" for 127.0.0.1 at Wed Dec 22 15:00:55 -0500 2010
  Processing by LevelsController#edit as HTML
  Parameters: {"id"=>"1"}
  [1m[36mLevel Load (0.1ms)[0m  [1mSELECT "levels".* FROM "levels" WHERE ("levels"."id" = 1) LIMIT 1[0m
Rendered levels/edit.html.erb within layouts/application (8.3ms)
Completed 200 OK in 20ms (Views: 13.6ms | ActiveRecord: 0.1ms)


Started GET "/levels/1/edit" for 127.0.0.1 at Wed Dec 22 15:00:56 -0500 2010
  Processing by LevelsController#edit as HTML
  Parameters: {"id"=>"1"}
  [1m[35mLevel Load (0.1ms)[0m  SELECT "levels".* FROM "levels" WHERE ("levels"."id" = 1) LIMIT 1
Rendered levels/edit.html.erb within layouts/application (8.3ms)
Completed 200 OK in 20ms (Views: 13.7ms | ActiveRecord: 0.1ms)


Started GET "/levels/1/edit" for 127.0.0.1 at Wed Dec 22 15:00:57 -0500 2010
  Processing by LevelsController#edit as HTML
  Parameters: {"id"=>"1"}
  [1m[36mLevel Load (0.1ms)[0m  [1mSELECT "levels".* FROM "levels" WHERE ("levels"."id" = 1) LIMIT 1[0m
Rendered levels/edit.html.erb within layouts/application (8.1ms)
Completed 200 OK in 20ms (Views: 13.4ms | ActiveRecord: 0.1ms)


Started GET "/levels/1/edit" for 127.0.0.1 at Wed Dec 22 15:00:57 -0500 2010
  Processing by LevelsController#edit as HTML
  Parameters: {"id"=>"1"}
  [1m[35mLevel Load (0.1ms)[0m  SELECT "levels".* FROM "levels" WHERE ("levels"."id" = 1) LIMIT 1
Rendered levels/edit.html.erb within layouts/application (8.2ms)
Completed 200 OK in 20ms (Views: 13.5ms | ActiveRecord: 0.1ms)


Started GET "/levels/1/edit" for 127.0.0.1 at Wed Dec 22 15:00:58 -0500 2010
  Processing by LevelsController#edit as HTML
  Parameters: {"id"=>"1"}
  [1m[36mLevel Load (0.1ms)[0m  [1mSELECT "levels".* FROM "levels" WHERE ("levels"."id" = 1) LIMIT 1[0m
Rendered levels/edit.html.erb within layouts/application (8.2ms)
Completed 200 OK in 21ms (Views: 13.8ms | ActiveRecord: 0.1ms)


Started GET "/levels/1/edit" for 127.0.0.1 at Wed Dec 22 15:00:58 -0500 2010
  Processing by LevelsController#edit as HTML
  Parameters: {"id"=>"1"}
  [1m[35mLevel Load (0.1ms)[0m  SELECT "levels".* FROM "levels" WHERE ("levels"."id" = 1) LIMIT 1
Rendered levels/edit.html.erb within layouts/application (8.5ms)
Completed 200 OK in 81ms (Views: 73.7ms | ActiveRecord: 0.1ms)


Started GET "/levels/1/edit" for 127.0.0.1 at Wed Dec 22 15:02:37 -0500 2010
  Processing by LevelsController#edit as HTML
  Parameters: {"id"=>"1"}
  [1m[36mLevel Load (0.1ms)[0m  [1mSELECT "levels".* FROM "levels" WHERE ("levels"."id" = 1) LIMIT 1[0m
Rendered levels/edit.html.erb within layouts/application (8.5ms)
Completed 200 OK in 21ms (Views: 13.8ms | ActiveRecord: 0.1ms)


Started GET "/" for 127.0.0.1 at Wed Dec 29 10:06:28 -0500 2010

ActionController::RoutingError (uninitialized constant UsersController):
  

Rendered /Library/Ruby/Gems/1.8/gems/actionpack-3.0.3/lib/action_dispatch/middleware/templates/rescues/routing_error.erb within rescues/layout (0.9ms)


Started GET "/levels/1" for 127.0.0.1 at Wed Dec 29 10:52:28 -0500 2010
  Processing by LevelsController#show as HTML
  Parameters: {"id"=>"1"}
  [1m[36mSQL (0.4ms)[0m  [1m SELECT name
 FROM sqlite_master
 WHERE type = 'table' AND NOT name = 'sqlite_sequence'
[0m
  [1m[35mLevel Load (0.1ms)[0m  SELECT "levels".* FROM "levels" WHERE ("levels"."id" = 1) LIMIT 1
Rendered levels/show.html.erb within layouts/application (2.2ms)
Completed 200 OK in 56ms (Views: 8.5ms | ActiveRecord: 0.6ms)


Started GET "/levels/1" for 127.0.0.1 at Wed Dec 29 10:52:35 -0500 2010
  Processing by LevelsController#show as HTML
  Parameters: {"id"=>"1"}
  [1m[36mLevel Load (0.1ms)[0m  [1mSELECT "levels".* FROM "levels" WHERE ("levels"."id" = 1) LIMIT 1[0m
Rendered levels/show.html.erb within layouts/application (2.3ms)
Completed 200 OK in 74ms (Views: 7.6ms | ActiveRecord: 0.1ms)


Started GET "/edit/1" for 127.0.0.1 at Wed Dec 29 10:52:40 -0500 2010

ActionController::RoutingError (No route matches "/edit/1"):
  

Rendered /Library/Ruby/Gems/1.8/gems/actionpack-3.0.3/lib/action_dispatch/middleware/templates/rescues/routing_error.erb within rescues/layout (0.7ms)


Started GET "/levels/1/edit" for 127.0.0.1 at Wed Dec 29 10:52:45 -0500 2010
  Processing by LevelsController#edit as HTML
  Parameters: {"id"=>"1"}
  [1m[35mLevel Load (0.1ms)[0m  SELECT "levels".* FROM "levels" WHERE ("levels"."id" = 1) LIMIT 1
Rendered levels/edit.html.erb within layouts/application (2.3ms)
Completed 200 OK in 14ms (Views: 7.8ms | ActiveRecord: 0.1ms)


Started GET "/levels/1/edit" for 127.0.0.1 at Wed Dec 29 10:52:50 -0500 2010
  Processing by LevelsController#edit as HTML
  Parameters: {"id"=>"1"}
  [1m[36mLevel Load (0.1ms)[0m  [1mSELECT "levels".* FROM "levels" WHERE ("levels"."id" = 1) LIMIT 1[0m
Rendered levels/edit.html.erb within layouts/application (2.2ms)
Completed 200 OK in 15ms (Views: 7.7ms | ActiveRecord: 0.1ms)


Started GET "/levels/1/edit" for 127.0.0.1 at Wed Dec 29 10:53:36 -0500 2010
  Processing by LevelsController#edit as HTML
  Parameters: {"id"=>"1"}
  [1m[36mSQL (0.5ms)[0m  [1m SELECT name
 FROM sqlite_master
 WHERE type = 'table' AND NOT name = 'sqlite_sequence'
[0m
  [1m[35mLevel Load (0.1ms)[0m  SELECT "levels".* FROM "levels" WHERE ("levels"."id" = 1) LIMIT 1
Rendered levels/edit.html.erb within layouts/application (2.5ms)
Completed 200 OK in 30ms (Views: 8.7ms | ActiveRecord: 0.6ms)


Started GET "/levels/1/edit" for 127.0.0.1 at Wed Dec 29 10:53:36 -0500 2010
  Processing by LevelsController#edit as HTML
  Parameters: {"id"=>"1"}
  [1m[36mLevel Load (0.1ms)[0m  [1mSELECT "levels".* FROM "levels" WHERE ("levels"."id" = 1) LIMIT 1[0m
Rendered levels/edit.html.erb within layouts/application (2.4ms)
Completed 200 OK in 15ms (Views: 7.9ms | ActiveRecord: 0.1ms)


Started GET "/levels/1/edit" for 127.0.0.1 at Wed Dec 29 10:53:37 -0500 2010
  Processing by LevelsController#edit as HTML
  Parameters: {"id"=>"1"}
  [1m[35mLevel Load (0.1ms)[0m  SELECT "levels".* FROM "levels" WHERE ("levels"."id" = 1) LIMIT 1
Rendered levels/edit.html.erb within layouts/application (2.1ms)
Completed 200 OK in 13ms (Views: 7.3ms | ActiveRecord: 0.1ms)


Started GET "/levels/1/edit" for 127.0.0.1 at Wed Dec 29 10:53:37 -0500 2010
  Processing by LevelsController#edit as HTML
  Parameters: {"id"=>"1"}
  [1m[36mLevel Load (0.1ms)[0m  [1mSELECT "levels".* FROM "levels" WHERE ("levels"."id" = 1) LIMIT 1[0m
Rendered levels/edit.html.erb within layouts/application (2.2ms)
Completed 200 OK in 14ms (Views: 7.7ms | ActiveRecord: 0.1ms)


Started GET "/levels/1/edit" for 127.0.0.1 at Wed Dec 29 10:53:38 -0500 2010
  Processing by LevelsController#edit as HTML
  Parameters: {"id"=>"1"}
  [1m[35mLevel Load (0.1ms)[0m  SELECT "levels".* FROM "levels" WHERE ("levels"."id" = 1) LIMIT 1
Rendered levels/edit.html.erb within layouts/application (2.1ms)
Completed 200 OK in 14ms (Views: 7.3ms | ActiveRecord: 0.1ms)


Started GET "/levels/1/edit" for 127.0.0.1 at Wed Dec 29 10:53:38 -0500 2010
  Processing by LevelsController#edit as HTML
  Parameters: {"id"=>"1"}
  [1m[36mLevel Load (0.2ms)[0m  [1mSELECT "levels".* FROM "levels" WHERE ("levels"."id" = 1) LIMIT 1[0m
Rendered levels/edit.html.erb within layouts/application (2.3ms)
Completed 200 OK in 14ms (Views: 7.6ms | ActiveRecord: 0.2ms)


Started GET "/levels/1/edit" for 127.0.0.1 at Wed Dec 29 10:53:39 -0500 2010
  Processing by LevelsController#edit as HTML
  Parameters: {"id"=>"1"}
  [1m[35mLevel Load (0.1ms)[0m  SELECT "levels".* FROM "levels" WHERE ("levels"."id" = 1) LIMIT 1
Rendered levels/edit.html.erb within layouts/application (2.1ms)
Completed 200 OK in 13ms (Views: 7.3ms | ActiveRecord: 0.1ms)


Started GET "/levels/1/edit" for 127.0.0.1 at Wed Dec 29 10:53:39 -0500 2010
  Processing by LevelsController#edit as HTML
  Parameters: {"id"=>"1"}
  [1m[36mLevel Load (0.1ms)[0m  [1mSELECT "levels".* FROM "levels" WHERE ("levels"."id" = 1) LIMIT 1[0m
Rendered levels/edit.html.erb within layouts/application (2.3ms)
Completed 200 OK in 13ms (Views: 7.6ms | ActiveRecord: 0.1ms)


Started GET "/levels/1/edit" for 127.0.0.1 at Wed Dec 29 10:53:40 -0500 2010
  Processing by LevelsController#edit as HTML
  Parameters: {"id"=>"1"}
  [1m[35mLevel Load (0.2ms)[0m  SELECT "levels".* FROM "levels" WHERE ("levels"."id" = 1) LIMIT 1
Rendered levels/edit.html.erb within layouts/application (2.2ms)
Completed 200 OK in 73ms (Views: 7.1ms | ActiveRecord: 0.2ms)


Started GET "/levels/1/edit" for 127.0.0.1 at Wed Dec 29 10:53:40 -0500 2010
  Processing by LevelsController#edit as HTML
  Parameters: {"id"=>"1"}
  [1m[36mLevel Load (0.1ms)[0m  [1mSELECT "levels".* FROM "levels" WHERE ("levels"."id" = 1) LIMIT 1[0m
Rendered levels/edit.html.erb within layouts/application (2.3ms)
Completed 200 OK in 14ms (Views: 7.7ms | ActiveRecord: 0.1ms)


Started GET "/levels/1/edit" for 127.0.0.1 at Wed Dec 29 10:53:41 -0500 2010
  Processing by LevelsController#edit as HTML
  Parameters: {"id"=>"1"}
  [1m[35mLevel Load (0.1ms)[0m  SELECT "levels".* FROM "levels" WHERE ("levels"."id" = 1) LIMIT 1
Rendered levels/edit.html.erb within layouts/application (2.4ms)
Completed 200 OK in 14ms (Views: 7.6ms | ActiveRecord: 0.1ms)


Started GET "/levels/1/edit" for 127.0.0.1 at Wed Dec 29 10:53:41 -0500 2010
  Processing by LevelsController#edit as HTML
  Parameters: {"id"=>"1"}
  [1m[36mLevel Load (0.1ms)[0m  [1mSELECT "levels".* FROM "levels" WHERE ("levels"."id" = 1) LIMIT 1[0m
Rendered levels/edit.html.erb within layouts/application (2.1ms)
Completed 200 OK in 13ms (Views: 7.3ms | ActiveRecord: 0.1ms)


Started GET "/levels/1/edit" for 127.0.0.1 at Wed Dec 29 10:55:50 -0500 2010
  Processing by LevelsController#edit as HTML
  Parameters: {"id"=>"1"}
  [1m[36mSQL (0.5ms)[0m  [1m SELECT name
 FROM sqlite_master
 WHERE type = 'table' AND NOT name = 'sqlite_sequence'
[0m
  [1m[35mLevel Load (0.1ms)[0m  SELECT "levels".* FROM "levels" WHERE ("levels"."id" = 1) LIMIT 1
Rendered levels/edit.html.erb within layouts/application (2.4ms)
Completed 200 OK in 30ms (Views: 8.4ms | ActiveRecord: 0.6ms)


Started GET "/levels/1/edit" for 127.0.0.1 at Wed Dec 29 10:55:50 -0500 2010
  Processing by LevelsController#edit as HTML
  Parameters: {"id"=>"1"}
  [1m[36mLevel Load (0.1ms)[0m  [1mSELECT "levels".* FROM "levels" WHERE ("levels"."id" = 1) LIMIT 1[0m
Rendered levels/edit.html.erb within layouts/application (2.3ms)
Completed 200 OK in 15ms (Views: 8.0ms | ActiveRecord: 0.1ms)


Started GET "/levels/1/edit" for 127.0.0.1 at Wed Dec 29 10:57:23 -0500 2010
  Processing by LevelsController#edit as HTML
  Parameters: {"id"=>"1"}
  [1m[35mLevel Load (0.1ms)[0m  SELECT "levels".* FROM "levels" WHERE ("levels"."id" = 1) LIMIT 1
Rendered levels/edit.html.erb within layouts/application (2.5ms)
Completed 200 OK in 13ms (Views: 7.6ms | ActiveRecord: 0.1ms)


Started GET "/levels/1/edit" for 127.0.0.1 at Wed Dec 29 10:57:26 -0500 2010
  Processing by LevelsController#edit as HTML
  Parameters: {"id"=>"1"}
  [1m[36mLevel Load (0.1ms)[0m  [1mSELECT "levels".* FROM "levels" WHERE ("levels"."id" = 1) LIMIT 1[0m
Rendered levels/edit.html.erb within layouts/application (2.3ms)
Completed 200 OK in 13ms (Views: 7.5ms | ActiveRecord: 0.1ms)


Started GET "/levels/1/edit" for 127.0.0.1 at Wed Dec 29 11:12:39 -0500 2010
  Processing by LevelsController#edit as HTML
  Parameters: {"id"=>"1"}
  [1m[36mSQL (0.4ms)[0m  [1m SELECT name
 FROM sqlite_master
 WHERE type = 'table' AND NOT name = 'sqlite_sequence'
[0m
  [1m[35mLevel Load (0.1ms)[0m  SELECT "levels".* FROM "levels" WHERE ("levels"."id" = 1) LIMIT 1
Rendered levels/edit.html.erb within layouts/application (2.5ms)
Completed 200 OK in 29ms (Views: 8.5ms | ActiveRecord: 0.6ms)


Started GET "/levels/1" for 127.0.0.1 at Wed Dec 29 11:13:22 -0500 2010
  Processing by LevelsController#show as HTML
  Parameters: {"id"=>"1"}
  [1m[36mLevel Load (0.1ms)[0m  [1mSELECT "levels".* FROM "levels" WHERE ("levels"."id" = 1) LIMIT 1[0m
Rendered levels/show.html.erb within layouts/application (2.2ms)
Completed 200 OK in 71ms (Views: 7.4ms | ActiveRecord: 0.1ms)


Started GET "/levels/1/edit" for 127.0.0.1 at Wed Dec 29 11:13:59 -0500 2010
  Processing by LevelsController#edit as HTML
  Parameters: {"id"=>"1"}
  [1m[35mLevel Load (0.1ms)[0m  SELECT "levels".* FROM "levels" WHERE ("levels"."id" = 1) LIMIT 1
Rendered levels/edit.html.erb within layouts/application (2.5ms)
Completed 200 OK in 16ms (Views: 8.0ms | ActiveRecord: 0.1ms)


Started GET "/levels/1/edit" for 127.0.0.1 at Wed Dec 29 11:23:40 -0500 2010
  Processing by LevelsController#edit as HTML
  Parameters: {"id"=>"1"}
  [1m[36mSQL (0.4ms)[0m  [1m SELECT name
 FROM sqlite_master
 WHERE type = 'table' AND NOT name = 'sqlite_sequence'
[0m
  [1m[35mLevel Load (0.1ms)[0m  SELECT "levels".* FROM "levels" WHERE ("levels"."id" = 1) LIMIT 1
Rendered levels/edit.html.erb within layouts/application (2.5ms)
Completed 200 OK in 29ms (Views: 8.3ms | ActiveRecord: 0.5ms)


Started GET "/levels/1/edit" for 127.0.0.1 at Wed Dec 29 11:24:10 -0500 2010
  Processing by LevelsController#edit as HTML
  Parameters: {"id"=>"1"}
  [1m[36mLevel Load (0.1ms)[0m  [1mSELECT "levels".* FROM "levels" WHERE ("levels"."id" = 1) LIMIT 1[0m
Rendered levels/edit.html.erb within layouts/application (2.4ms)
Completed 200 OK in 72ms (Views: 7.4ms | ActiveRecord: 0.1ms)


Started GET "/levels/1/edit" for 127.0.0.1 at Wed Dec 29 11:26:28 -0500 2010
  Processing by LevelsController#edit as HTML
  Parameters: {"id"=>"1"}
  [1m[36mSQL (0.4ms)[0m  [1m SELECT name
 FROM sqlite_master
 WHERE type = 'table' AND NOT name = 'sqlite_sequence'
[0m
  [1m[35mLevel Load (0.1ms)[0m  SELECT "levels".* FROM "levels" WHERE ("levels"."id" = 1) LIMIT 1
Rendered levels/edit.html.erb within layouts/application (2.6ms)
Completed 200 OK in 29ms (Views: 8.3ms | ActiveRecord: 0.6ms)


Started GET "/levels/1/edit" for 127.0.0.1 at Wed Dec 29 11:26:29 -0500 2010
  Processing by LevelsController#edit as HTML
  Parameters: {"id"=>"1"}
  [1m[36mLevel Load (0.1ms)[0m  [1mSELECT "levels".* FROM "levels" WHERE ("levels"."id" = 1) LIMIT 1[0m
Rendered levels/edit.html.erb within layouts/application (2.3ms)
Completed 200 OK in 71ms (Views: 7.3ms | ActiveRecord: 0.1ms)


Started GET "/users/sign_up" for 127.0.0.1 at Wed Dec 29 11:27:36 -0500 2010
  Processing by Devise::RegistrationsController#new as HTML
Rendered /Library/Ruby/Gems/1.8/gems/devise-1.1.5/app/views/devise/shared/_links.erb (1.3ms)
Rendered /Library/Ruby/Gems/1.8/gems/devise-1.1.5/app/views/devise/registrations/new.html.erb within layouts/application (17.1ms)
Completed 200 OK in 85ms (Views: 75.8ms | ActiveRecord: 0.0ms)


Started GET "/users/sign_up" for 127.0.0.1 at Wed Dec 29 11:27:37 -0500 2010
  Processing by Devise::RegistrationsController#new as HTML
Rendered /Library/Ruby/Gems/1.8/gems/devise-1.1.5/app/views/devise/shared/_links.erb (1.4ms)
Rendered /Library/Ruby/Gems/1.8/gems/devise-1.1.5/app/views/devise/registrations/new.html.erb within layouts/application (90.2ms)
Completed 200 OK in 106ms (Views: 96.8ms | ActiveRecord: 0.0ms)


Started GET "/levels/1/edit" for 127.0.0.1 at Wed Dec 29 11:29:49 -0500 2010
  Processing by LevelsController#edit as HTML
  Parameters: {"id"=>"1"}
  [1m[35mLevel Load (0.1ms)[0m  SELECT "levels".* FROM "levels" WHERE ("levels"."id" = 1) LIMIT 1
Rendered levels/edit.html.erb within layouts/application (2.3ms)
Completed 200 OK in 14ms (Views: 7.4ms | ActiveRecord: 0.1ms)


Started GET "/levels/1/edit" for 127.0.0.1 at Wed Dec 29 11:31:17 -0500 2010
  Processing by LevelsController#edit as HTML
  Parameters: {"id"=>"1"}
  [1m[36mLevel Load (0.1ms)[0m  [1mSELECT "levels".* FROM "levels" WHERE ("levels"."id" = 1) LIMIT 1[0m
Rendered levels/edit.html.erb within layouts/application (2.5ms)
Completed 200 OK in 14ms (Views: 7.8ms | ActiveRecord: 0.1ms)


Started GET "/levels/1/edit" for 127.0.0.1 at Wed Dec 29 11:32:26 -0500 2010
  Processing by LevelsController#edit as HTML
  Parameters: {"id"=>"1"}
  [1m[35mLevel Load (0.1ms)[0m  SELECT "levels".* FROM "levels" WHERE ("levels"."id" = 1) LIMIT 1
Rendered levels/edit.html.erb within layouts/application (2.6ms)
Completed 200 OK in 80ms (Views: 7.8ms | ActiveRecord: 0.1ms)


Started GET "/levels/1/edit" for 127.0.0.1 at Wed Dec 29 11:34:07 -0500 2010
  Processing by LevelsController#edit as HTML
  Parameters: {"id"=>"1"}
  [1m[36mLevel Load (0.1ms)[0m  [1mSELECT "levels".* FROM "levels" WHERE ("levels"."id" = 1) LIMIT 1[0m
Rendered levels/edit.html.erb within layouts/application (2.3ms)
Completed 200 OK in 14ms (Views: 8.0ms | ActiveRecord: 0.1ms)
